{"/home/mern/Documents/M-2-W-3/Todo-list-with-webpack/src/index.js": {"path":"/home/mern/Documents/M-2-W-3/Todo-list-with-webpack/src/index.js","statementMap":{"0":{"start":{"line":9,"column":17},"end":{"line":9,"column":67}},"1":{"start":{"line":10,"column":21},"end":{"line":10,"column":63}},"2":{"start":{"line":10,"column":45},"end":{"line":10,"column":62}},"3":{"start":{"line":12,"column":0},"end":{"line":12,"column":23}},"4":{"start":{"line":13,"column":0},"end":{"line":13,"column":18}},"5":{"start":{"line":14,"column":0},"end":{"line":14,"column":23}},"6":{"start":{"line":15,"column":0},"end":{"line":15,"column":27}},"7":{"start":{"line":16,"column":0},"end":{"line":16,"column":21}},"8":{"start":{"line":17,"column":0},"end":{"line":17,"column":26}}},"fnMap":{"0":{"name":"(anonymous_0)","decl":{"start":{"line":10,"column":35},"end":{"line":10,"column":36}},"loc":{"start":{"line":10,"column":45},"end":{"line":10,"column":62}},"line":10}},"branchMap":{"0":{"loc":{"start":{"line":9,"column":17},"end":{"line":9,"column":67}},"type":"binary-expr","locations":[{"start":{"line":9,"column":17},"end":{"line":9,"column":61}},{"start":{"line":9,"column":65},"end":{"line":9,"column":67}}],"line":9}},"s":{"0":0,"1":0,"2":0,"3":0,"4":0,"5":0,"6":0,"7":0,"8":0},"f":{"0":0},"b":{"0":[0,0]}}
,"/home/mern/Documents/M-2-W-3/Todo-list-with-webpack/src/modules/addItem.js": {"path":"/home/mern/Documents/M-2-W-3/Todo-list-with-webpack/src/modules/addItem.js","statementMap":{"0":{"start":{"line":1,"column":16},"end":{"line":17,"column":1}},"1":{"start":{"line":2,"column":17},"end":{"line":2,"column":47}},"2":{"start":{"line":3,"column":20},"end":{"line":3,"column":51}},"3":{"start":{"line":4,"column":2},"end":{"line":16,"column":5}},"4":{"start":{"line":5,"column":16},"end":{"line":5,"column":31}},"5":{"start":{"line":6,"column":4},"end":{"line":15,"column":5}},"6":{"start":{"line":7,"column":23},"end":{"line":11,"column":7}},"7":{"start":{"line":12,"column":6},"end":{"line":12,"column":30}},"8":{"start":{"line":13,"column":6},"end":{"line":13,"column":65}},"9":{"start":{"line":14,"column":6},"end":{"line":14,"column":31}}},"fnMap":{"0":{"name":"(anonymous_0)","decl":{"start":{"line":1,"column":16},"end":{"line":1,"column":17}},"loc":{"start":{"line":1,"column":30},"end":{"line":17,"column":1}},"line":1},"1":{"name":"(anonymous_1)","decl":{"start":{"line":4,"column":35},"end":{"line":4,"column":36}},"loc":{"start":{"line":4,"column":41},"end":{"line":16,"column":3}},"line":4}},"branchMap":{"0":{"loc":{"start":{"line":6,"column":4},"end":{"line":15,"column":5}},"type":"if","locations":[{"start":{"line":6,"column":4},"end":{"line":15,"column":5}},{"start":{},"end":{}}],"line":6}},"s":{"0":1,"1":1,"2":1,"3":1,"4":0,"5":0,"6":0,"7":0,"8":0,"9":0},"f":{"0":1,"1":0},"b":{"0":[0,0]},"_coverageSchema":"1a1c01bbd47fc00a2c39e90264f33305004495a9","hash":"3f54f1eb4cec3839ef05ff4e82a1e7b90c8e9ea0"}
,"/home/mern/Documents/M-2-W-3/Todo-list-with-webpack/src/modules/completed.js": {"path":"/home/mern/Documents/M-2-W-3/Todo-list-with-webpack/src/modules/completed.js","statementMap":{"0":{"start":{"line":1,"column":21},"end":{"line":25,"column":1}},"1":{"start":{"line":2,"column":22},"end":{"line":10,"column":3}},"2":{"start":{"line":3,"column":4},"end":{"line":9,"column":7}},"3":{"start":{"line":4,"column":6},"end":{"line":8,"column":7}},"4":{"start":{"line":5,"column":8},"end":{"line":5,"column":31}},"5":{"start":{"line":6,"column":8},"end":{"line":6,"column":46}},"6":{"start":{"line":7,"column":8},"end":{"line":7,"column":71}},"7":{"start":{"line":11,"column":2},"end":{"line":24,"column":5}},"8":{"start":{"line":12,"column":20},"end":{"line":12,"column":46}},"9":{"start":{"line":13,"column":20},"end":{"line":13,"column":55}},"10":{"start":{"line":14,"column":21},"end":{"line":14,"column":55}},"11":{"start":{"line":15,"column":4},"end":{"line":23,"column":7}},"12":{"start":{"line":16,"column":6},"end":{"line":22,"column":7}},"13":{"start":{"line":17,"column":8},"end":{"line":17,"column":45}},"14":{"start":{"line":18,"column":8},"end":{"line":18,"column":41}},"15":{"start":{"line":20,"column":8},"end":{"line":20,"column":46}},"16":{"start":{"line":21,"column":8},"end":{"line":21,"column":44}}},"fnMap":{"0":{"name":"(anonymous_0)","decl":{"start":{"line":1,"column":21},"end":{"line":1,"column":22}},"loc":{"start":{"line":1,"column":39},"end":{"line":25,"column":1}},"line":1},"1":{"name":"(anonymous_1)","decl":{"start":{"line":2,"column":22},"end":{"line":2,"column":23}},"loc":{"start":{"line":2,"column":46},"end":{"line":10,"column":3}},"line":2},"2":{"name":"(anonymous_2)","decl":{"start":{"line":3,"column":25},"end":{"line":3,"column":26}},"loc":{"start":{"line":3,"column":35},"end":{"line":9,"column":5}},"line":3},"3":{"name":"(anonymous_3)","decl":{"start":{"line":11,"column":49},"end":{"line":11,"column":50}},"loc":{"start":{"line":11,"column":62},"end":{"line":24,"column":3}},"line":11},"4":{"name":"(anonymous_4)","decl":{"start":{"line":15,"column":39},"end":{"line":15,"column":40}},"loc":{"start":{"line":15,"column":45},"end":{"line":23,"column":5}},"line":15}},"branchMap":{"0":{"loc":{"start":{"line":4,"column":6},"end":{"line":8,"column":7}},"type":"if","locations":[{"start":{"line":4,"column":6},"end":{"line":8,"column":7}},{"start":{},"end":{}}],"line":4},"1":{"loc":{"start":{"line":16,"column":6},"end":{"line":22,"column":7}},"type":"if","locations":[{"start":{"line":16,"column":6},"end":{"line":22,"column":7}},{"start":{"line":19,"column":13},"end":{"line":22,"column":7}}],"line":16}},"s":{"0":0,"1":0,"2":0,"3":0,"4":0,"5":0,"6":0,"7":0,"8":0,"9":0,"10":0,"11":0,"12":0,"13":0,"14":0,"15":0,"16":0},"f":{"0":0,"1":0,"2":0,"3":0,"4":0},"b":{"0":[0,0],"1":[0,0]}}
,"/home/mern/Documents/M-2-W-3/Todo-list-with-webpack/src/modules/delete-me.js": {"path":"/home/mern/Documents/M-2-W-3/Todo-list-with-webpack/src/modules/delete-me.js","statementMap":{"0":{"start":{"line":1,"column":19},"end":{"line":4,"column":1}},"1":{"start":{"line":2,"column":2},"end":{"line":2,"column":75}},"2":{"start":{"line":2,"column":39},"end":{"line":2,"column":73}},"3":{"start":{"line":3,"column":2},"end":{"line":3,"column":18}}},"fnMap":{"0":{"name":"(anonymous_0)","decl":{"start":{"line":1,"column":19},"end":{"line":1,"column":20}},"loc":{"start":{"line":1,"column":40},"end":{"line":4,"column":1}},"line":1},"1":{"name":"(anonymous_1)","decl":{"start":{"line":2,"column":29},"end":{"line":2,"column":30}},"loc":{"start":{"line":2,"column":39},"end":{"line":2,"column":73}},"line":2}},"branchMap":{},"s":{"0":1,"1":1,"2":2,"3":1},"f":{"0":1,"1":2},"b":{},"_coverageSchema":"1a1c01bbd47fc00a2c39e90264f33305004495a9","hash":"1a5f5dd0f2b8a835041d29f3fc480145946af0a8"}
,"/home/mern/Documents/M-2-W-3/Todo-list-with-webpack/src/modules/deleteCompleted.js": {"path":"/home/mern/Documents/M-2-W-3/Todo-list-with-webpack/src/modules/deleteCompleted.js","statementMap":{"0":{"start":{"line":1,"column":24},"end":{"line":10,"column":1}},"1":{"start":{"line":2,"column":2},"end":{"line":9,"column":5}},"2":{"start":{"line":3,"column":4},"end":{"line":3,"column":66}},"3":{"start":{"line":3,"column":41},"end":{"line":3,"column":64}},"4":{"start":{"line":4,"column":4},"end":{"line":6,"column":7}},"5":{"start":{"line":5,"column":6},"end":{"line":5,"column":29}},"6":{"start":{"line":7,"column":4},"end":{"line":7,"column":63}},"7":{"start":{"line":8,"column":4},"end":{"line":8,"column":29}}},"fnMap":{"0":{"name":"(anonymous_0)","decl":{"start":{"line":1,"column":24},"end":{"line":1,"column":25}},"loc":{"start":{"line":1,"column":38},"end":{"line":10,"column":1}},"line":1},"1":{"name":"(anonymous_1)","decl":{"start":{"line":2,"column":61},"end":{"line":2,"column":62}},"loc":{"start":{"line":2,"column":67},"end":{"line":9,"column":3}},"line":2},"2":{"name":"(anonymous_2)","decl":{"start":{"line":3,"column":31},"end":{"line":3,"column":32}},"loc":{"start":{"line":3,"column":41},"end":{"line":3,"column":64}},"line":3},"3":{"name":"(anonymous_3)","decl":{"start":{"line":4,"column":21},"end":{"line":4,"column":22}},"loc":{"start":{"line":4,"column":38},"end":{"line":6,"column":5}},"line":4}},"branchMap":{},"s":{"0":0,"1":0,"2":0,"3":0,"4":0,"5":0,"6":0,"7":0},"f":{"0":0,"1":0,"2":0,"3":0},"b":{}}
,"/home/mern/Documents/M-2-W-3/Todo-list-with-webpack/src/modules/deleteItem.js": {"path":"/home/mern/Documents/M-2-W-3/Todo-list-with-webpack/src/modules/deleteItem.js","statementMap":{"0":{"start":{"line":1,"column":19},"end":{"line":13,"column":1}},"1":{"start":{"line":2,"column":2},"end":{"line":12,"column":5}},"2":{"start":{"line":3,"column":4},"end":{"line":11,"column":7}},"3":{"start":{"line":4,"column":23},"end":{"line":4,"column":71}},"4":{"start":{"line":5,"column":6},"end":{"line":5,"column":82}},"5":{"start":{"line":5,"column":43},"end":{"line":5,"column":80}},"6":{"start":{"line":6,"column":6},"end":{"line":8,"column":9}},"7":{"start":{"line":7,"column":8},"end":{"line":7,"column":31}},"8":{"start":{"line":9,"column":6},"end":{"line":9,"column":65}},"9":{"start":{"line":10,"column":6},"end":{"line":10,"column":31}}},"fnMap":{"0":{"name":"(anonymous_0)","decl":{"start":{"line":1,"column":19},"end":{"line":1,"column":20}},"loc":{"start":{"line":1,"column":33},"end":{"line":13,"column":1}},"line":1},"1":{"name":"(anonymous_1)","decl":{"start":{"line":2,"column":47},"end":{"line":2,"column":48}},"loc":{"start":{"line":2,"column":60},"end":{"line":12,"column":3}},"line":2},"2":{"name":"(anonymous_2)","decl":{"start":{"line":3,"column":38},"end":{"line":3,"column":39}},"loc":{"start":{"line":3,"column":44},"end":{"line":11,"column":5}},"line":3},"3":{"name":"(anonymous_3)","decl":{"start":{"line":5,"column":33},"end":{"line":5,"column":34}},"loc":{"start":{"line":5,"column":43},"end":{"line":5,"column":80}},"line":5},"4":{"name":"(anonymous_4)","decl":{"start":{"line":6,"column":23},"end":{"line":6,"column":24}},"loc":{"start":{"line":6,"column":40},"end":{"line":8,"column":7}},"line":6}},"branchMap":{},"s":{"0":0,"1":0,"2":0,"3":0,"4":0,"5":0,"6":0,"7":0,"8":0,"9":0},"f":{"0":0,"1":0,"2":0,"3":0,"4":0},"b":{}}
,"/home/mern/Documents/M-2-W-3/Todo-list-with-webpack/src/modules/editTodo.js": {"path":"/home/mern/Documents/M-2-W-3/Todo-list-with-webpack/src/modules/editTodo.js","statementMap":{"0":{"start":{"line":1,"column":17},"end":{"line":27,"column":1}},"1":{"start":{"line":2,"column":22},"end":{"line":9,"column":3}},"2":{"start":{"line":3,"column":4},"end":{"line":8,"column":7}},"3":{"start":{"line":4,"column":6},"end":{"line":7,"column":7}},"4":{"start":{"line":5,"column":8},"end":{"line":5,"column":33}},"5":{"start":{"line":6,"column":8},"end":{"line":6,"column":71}},"6":{"start":{"line":11,"column":2},"end":{"line":26,"column":5}},"7":{"start":{"line":12,"column":4},"end":{"line":25,"column":7}},"8":{"start":{"line":13,"column":22},"end":{"line":13,"column":57}},"9":{"start":{"line":14,"column":6},"end":{"line":14,"column":61}},"10":{"start":{"line":15,"column":6},"end":{"line":15,"column":33}},"11":{"start":{"line":16,"column":23},"end":{"line":16,"column":57}},"12":{"start":{"line":17,"column":23},"end":{"line":17,"column":40}},"13":{"start":{"line":18,"column":6},"end":{"line":24,"column":8}},"14":{"start":{"line":19,"column":8},"end":{"line":19,"column":43}},"15":{"start":{"line":20,"column":25},"end":{"line":20,"column":42}},"16":{"start":{"line":21,"column":8},"end":{"line":23,"column":9}},"17":{"start":{"line":22,"column":10},"end":{"line":22,"column":42}}},"fnMap":{"0":{"name":"(anonymous_0)","decl":{"start":{"line":1,"column":17},"end":{"line":1,"column":18}},"loc":{"start":{"line":1,"column":35},"end":{"line":27,"column":1}},"line":1},"1":{"name":"(anonymous_1)","decl":{"start":{"line":2,"column":22},"end":{"line":2,"column":23}},"loc":{"start":{"line":2,"column":40},"end":{"line":9,"column":3}},"line":2},"2":{"name":"(anonymous_2)","decl":{"start":{"line":3,"column":25},"end":{"line":3,"column":26}},"loc":{"start":{"line":3,"column":35},"end":{"line":8,"column":5}},"line":3},"3":{"name":"(anonymous_3)","decl":{"start":{"line":11,"column":51},"end":{"line":11,"column":52}},"loc":{"start":{"line":11,"column":64},"end":{"line":26,"column":3}},"line":11},"4":{"name":"(anonymous_4)","decl":{"start":{"line":12,"column":38},"end":{"line":12,"column":39}},"loc":{"start":{"line":12,"column":44},"end":{"line":25,"column":5}},"line":12},"5":{"name":"(anonymous_5)","decl":{"start":{"line":18,"column":23},"end":{"line":18,"column":24}},"loc":{"start":{"line":18,"column":29},"end":{"line":24,"column":7}},"line":18}},"branchMap":{"0":{"loc":{"start":{"line":4,"column":6},"end":{"line":7,"column":7}},"type":"if","locations":[{"start":{"line":4,"column":6},"end":{"line":7,"column":7}},{"start":{},"end":{}}],"line":4},"1":{"loc":{"start":{"line":21,"column":8},"end":{"line":23,"column":9}},"type":"if","locations":[{"start":{"line":21,"column":8},"end":{"line":23,"column":9}},{"start":{},"end":{}}],"line":21}},"s":{"0":0,"1":0,"2":0,"3":0,"4":0,"5":0,"6":0,"7":0,"8":0,"9":0,"10":0,"11":0,"12":0,"13":0,"14":0,"15":0,"16":0,"17":0},"f":{"0":0,"1":0,"2":0,"3":0,"4":0,"5":0},"b":{"0":[0,0],"1":[0,0]}}
,"/home/mern/Documents/M-2-W-3/Todo-list-with-webpack/src/modules/fetch.js": {"path":"/home/mern/Documents/M-2-W-3/Todo-list-with-webpack/src/modules/fetch.js","statementMap":{"0":{"start":{"line":1,"column":14},"end":{"line":9,"column":1}},"1":{"start":{"line":2,"column":17},"end":{"line":2,"column":19}},"2":{"start":{"line":3,"column":2},"end":{"line":7,"column":3}},"3":{"start":{"line":4,"column":4},"end":{"line":4,"column":60}},"4":{"start":{"line":6,"column":4},"end":{"line":6,"column":18}},"5":{"start":{"line":8,"column":2},"end":{"line":8,"column":18}}},"fnMap":{"0":{"name":"(anonymous_0)","decl":{"start":{"line":1,"column":14},"end":{"line":1,"column":15}},"loc":{"start":{"line":1,"column":20},"end":{"line":9,"column":1}},"line":1}},"branchMap":{"0":{"loc":{"start":{"line":3,"column":2},"end":{"line":7,"column":3}},"type":"if","locations":[{"start":{"line":3,"column":2},"end":{"line":7,"column":3}},{"start":{"line":5,"column":9},"end":{"line":7,"column":3}}],"line":3}},"s":{"0":0,"1":0,"2":0,"3":0,"4":0,"5":0},"f":{"0":0},"b":{"0":[0,0]}}
,"/home/mern/Documents/M-2-W-3/Todo-list-with-webpack/src/modules/render.js": {"path":"/home/mern/Documents/M-2-W-3/Todo-list-with-webpack/src/modules/render.js","statementMap":{"0":{"start":{"line":1,"column":17},"end":{"line":18,"column":1}},"1":{"start":{"line":2,"column":24},"end":{"line":2,"column":61}},"2":{"start":{"line":3,"column":20},"end":{"line":3,"column":22}},"3":{"start":{"line":4,"column":2},"end":{"line":4,"column":31}},"4":{"start":{"line":5,"column":2},"end":{"line":15,"column":5}},"5":{"start":{"line":6,"column":4},"end":{"line":14,"column":12}},"6":{"start":{"line":17,"column":2},"end":{"line":17,"column":40}}},"fnMap":{"0":{"name":"(anonymous_0)","decl":{"start":{"line":1,"column":17},"end":{"line":1,"column":18}},"loc":{"start":{"line":1,"column":35},"end":{"line":18,"column":1}},"line":1},"1":{"name":"(anonymous_1)","decl":{"start":{"line":5,"column":23},"end":{"line":5,"column":24}},"loc":{"start":{"line":5,"column":33},"end":{"line":15,"column":3}},"line":5}},"branchMap":{"0":{"loc":{"start":{"line":9,"column":76},"end":{"line":9,"column":116}},"type":"cond-expr","locations":[{"start":{"line":9,"column":102},"end":{"line":9,"column":111}},{"start":{"line":9,"column":114},"end":{"line":9,"column":116}}],"line":9},"1":{"loc":{"start":{"line":10,"column":41},"end":{"line":10,"column":81}},"type":"cond-expr","locations":[{"start":{"line":10,"column":67},"end":{"line":10,"column":76}},{"start":{"line":10,"column":79},"end":{"line":10,"column":81}}],"line":10}},"s":{"0":0,"1":0,"2":0,"3":0,"4":0,"5":0,"6":0},"f":{"0":0,"1":0},"b":{"0":[0,0],"1":[0,0]}}
}
